<?xml version="1.0" encoding="UTF-8" ?>
<testsuite tests="0" failures="0" name="com.jdicity.gateway.TokenCheckGatewayFilterTest" time="0" errors="0" skipped="0">
  <properties>
    <property name="idea.version" value="2020.2.3"/>
    <property name="java.runtime.name" value="Java(TM) SE Runtime Environment"/>
    <property name="sun.boot.library.path" value="D:\softWare\JDK\jre\bin"/>
    <property name="java.vm.version" value="25.191-b12"/>
    <property name="java.vm.vendor" value="Oracle Corporation"/>
    <property name="maven.multiModuleProjectDirectory" value="D:\workspace\Java\api-gateway"/>
    <property name="java.vendor.url" value="http://java.oracle.com/"/>
    <property name="path.separator" value=";"/>
    <property name="guice.disable.misplaced.annotation.check" value="true"/>
    <property name="java.vm.name" value="Java HotSpot(TM) 64-Bit Server VM"/>
    <property name="file.encoding.pkg" value="sun.io"/>
    <property name="user.script" value=""/>
    <property name="user.country" value="CN"/>
    <property name="sun.java.launcher" value="SUN_STANDARD"/>
    <property name="sun.os.patch.level" value=""/>
    <property name="java.vm.specification.name" value="Java Virtual Machine Specification"/>
    <property name="user.dir" value="D:\workspace\Java\api-gateway"/>
    <property name="java.runtime.version" value="1.8.0_191-b12"/>
    <property name="java.awt.graphicsenv" value="sun.awt.Win32GraphicsEnvironment"/>
    <property name="java.endorsed.dirs" value="D:\softWare\JDK\jre\lib\endorsed"/>
    <property name="os.arch" value="amd64"/>
    <property name="java.io.tmpdir" value="C:\Users\SUNJIA~1\AppData\Local\Temp\"/>
    <property name="line.separator" value="
"/>
    <property name="java.vm.specification.vendor" value="Oracle Corporation"/>
    <property name="user.variant" value=""/>
    <property name="os.name" value="Windows 10"/>
    <property name="maven.ext.class.path" value="D:\softWare\Idea\IntelliJ IDEA 2020.2.3\plugins\maven\lib\maven-event-listener.jar"/>
    <property name="classworlds.conf" value="D:\softWare\mvn\apache-maven-3.6.3-bin\apache-maven-3.6.3\bin\m2.conf"/>
    <property name="sun.jnu.encoding" value="GBK"/>
    <property name="java.library.path" value="D:\softWare\JDK\bin;C:\windows\Sun\Java\bin;C:\windows\system32;C:\windows;D:\softWare\XFtp\;D:\softWare\XShell\;C:\ProgramData\DockerDesktop\version-bin;C:\Program Files\Docker\Docker\Resources\bin;C:\Program Files (x86)\Common Files\Oracle\Java\javapath;C:\Program Files (x86)\Intel\iCLS Client\;C:\Program Files\Intel\iCLS Client\;C:\windows\system32;C:\windows;C:\windows\System32\Wbem;C:\windows\System32\WindowsPowerShell\v1.0\;C:\windows\System32\OpenSSH\;C:\Program Files (x86)\Intel\Intel(R) Management Engine Components\DAL;C:\Program Files\Intel\Intel(R) Management Engine Components\DAL;C:\Program Files (x86)\Intel\Intel(R) Management Engine Components\IPT;C:\Program Files\Intel\Intel(R) Management Engine Components\IPT;C:\Program Files\Intel\WiFi\bin\;C:\Program Files\Common Files\Intel\WirelessCommon\;C:\Program Files\Microsoft VS Code\bin;D:\softWare\git\Git\cmd;D:\softWare\python3.8\Scripts\;D:\softWare\python3.8\;C:\Users\sunjianzhou\AppData\Local\Microsoft\WindowsApps;D:\softWare\pycharm\PyCharm Community Edition 2018.3.1\bin;;D:\softWare\Spark\spark-2.1.0-bin-hadoop2.7\bin;D:\softWare\JDK\bin;D:\softWare\JDK\jre\bin;%HADOOP%\bin;%HADOOP%\sbin;D:\softWare\Scala\scala-2.11.12\bin;D:\softWare\pycharm\PyCharm 2019.2\bin;;D:\softWare\dataframe_to_tfrecord;D:\softWare\allure\allure-2.7.0\bin;D:\softWare\mongoDB\bin;D:\softWare\Mysql\mysql-8.0.22-winx64\bin;D:\softWare\mvn\apache-maven-3.6.3-bin\apache-maven-3.6.3\bin;;."/>
    <property name="maven.conf" value="D:\softWare\mvn\apache-maven-3.6.3-bin\apache-maven-3.6.3/conf"/>
    <property name="java.specification.name" value="Java Platform API Specification"/>
    <property name="java.class.version" value="52.0"/>
    <property name="sun.management.compiler" value="HotSpot 64-Bit Tiered Compilers"/>
    <property name="maven.repo.local" value="D:\softWare\mvn\.m2\repos"/>
    <property name="os.version" value="10.0"/>
    <property name="user.home" value="C:\Users\sunjianzhou"/>
    <property name="user.timezone" value="Asia/Shanghai"/>
    <property name="java.awt.printerjob" value="sun.awt.windows.WPrinterJob"/>
    <property name="java.specification.version" value="1.8"/>
    <property name="file.encoding" value="UTF-8"/>
    <property name="user.name" value="sunjianzhou"/>
    <property name="java.class.path" value="D:\softWare\mvn\apache-maven-3.6.3-bin\apache-maven-3.6.3\boot\plexus-classworlds-2.6.0.jar;D:\softWare\mvn\apache-maven-3.6.3-bin\apache-maven-3.6.3\boot\plexus-classworlds.license;D:\softWare\Idea\IntelliJ IDEA 2020.2.3\lib\idea_rt.jar"/>
    <property name="java.vm.specification.version" value="1.8"/>
    <property name="sun.arch.data.model" value="64"/>
    <property name="java.home" value="D:\softWare\JDK\jre"/>
    <property name="sun.java.command" value="org.codehaus.classworlds.Launcher -Didea.version=2020.2.3 -s D:\softWare\mvn\apache-maven-3.6.3-bin\apache-maven-3.6.3\conf\settings.xml -Dmaven.repo.local=D:\softWare\mvn\.m2\repos package"/>
    <property name="java.specification.vendor" value="Oracle Corporation"/>
    <property name="user.language" value="zh"/>
    <property name="awt.toolkit" value="sun.awt.windows.WToolkit"/>
    <property name="java.vm.info" value="mixed mode"/>
    <property name="java.version" value="1.8.0_191"/>
    <property name="java.ext.dirs" value="D:\softWare\JDK\jre\lib\ext;C:\windows\Sun\Java\lib\ext"/>
    <property name="sun.boot.class.path" value="D:\softWare\JDK\jre\lib\resources.jar;D:\softWare\JDK\jre\lib\rt.jar;D:\softWare\JDK\jre\lib\sunrsasign.jar;D:\softWare\JDK\jre\lib\jsse.jar;D:\softWare\JDK\jre\lib\jce.jar;D:\softWare\JDK\jre\lib\charsets.jar;D:\softWare\JDK\jre\lib\jfr.jar;D:\softWare\JDK\jre\classes"/>
    <property name="java.vendor" value="Oracle Corporation"/>
    <property name="maven.home" value="D:\softWare\mvn\apache-maven-3.6.3-bin\apache-maven-3.6.3"/>
    <property name="file.separator" value="\"/>
    <property name="java.vendor.url.bug" value="http://bugreport.sun.com/bugreport/"/>
    <property name="sun.cpu.endian" value="little"/>
    <property name="sun.io.unicode.encoding" value="UnicodeLittle"/>
    <property name="sun.desktop" value="windows"/>
    <property name="sun.cpu.isalist" value="amd64"/>
  </properties>
</testsuite>